Open SystemVerilog file "include/jtag_types_pkg.sv"
Close file "include/jtag_types_pkg.sv"
Open SystemVerilog file "src/adder_Nbit.sv"
  Open include file  "include/adder_if.vh" from "src/adder_Nbit.sv"(4)
  Close include file "include/adder_if.vh"; continuing at "src/adder_Nbit.sv"(4)
Close file "src/adder_Nbit.sv"
Open SystemVerilog file "src/bsr.sv"
  Open include file  "include/bsr_if.vh" from "src/bsr.sv"(13)
    Open include file  "include/jtag_types_pkg.vh" from "include/bsr_if.vh"(4)
    Close include file "include/jtag_types_pkg.vh"; continuing at "include/bsr_if.vh"(4)
  Close include file "include/bsr_if.vh"; continuing at "src/bsr.sv"(13)
  Open include file  "include/jtag_types_pkg.vh" from "src/bsr.sv"(14)
  Close include file "include/jtag_types_pkg.vh"; continuing at "src/bsr.sv"(14)
Close file "src/bsr.sv"
Open SystemVerilog file "src/instruction_decoder.sv"
  Open include file  "include/instruction_decoder_if.vh" from "src/instruction_decoder.sv"(5)
  Close include file "include/instruction_decoder_if.vh"; continuing at "src/instruction_decoder.sv"(5)
Close file "src/instruction_decoder.sv"
Open SystemVerilog file "src/instruction_reg.sv"
  Open include file  "include/instruction_reg_if.vh" from "src/instruction_reg.sv"(11)
  Close include file "include/instruction_reg_if.vh"; continuing at "src/instruction_reg.sv"(11)
Close file "src/instruction_reg.sv"
Open SystemVerilog file "src/jtag.sv"
  Open include file  "include/adder_if.vh" from "src/jtag.sv"(5)
  Close include file "include/adder_if.vh"; continuing at "src/jtag.sv"(5)
  Open include file  "include/bsr_if.vh" from "src/jtag.sv"(6)
    Open include file  "include/jtag_types_pkg.vh" from "include/bsr_if.vh"(4)
    Close include file "include/jtag_types_pkg.vh"; continuing at "include/bsr_if.vh"(4)
  Close include file "include/bsr_if.vh"; continuing at "src/jtag.sv"(6)
  Open include file  "include/instruction_decoder_if.vh" from "src/jtag.sv"(7)
  Close include file "include/instruction_decoder_if.vh"; continuing at "src/jtag.sv"(7)
  Open include file  "include/instruction_reg_if.vh" from "src/jtag.sv"(8)
  Close include file "include/instruction_reg_if.vh"; continuing at "src/jtag.sv"(8)
  Open include file  "include/tap_ctrl_if.vh" from "src/jtag.sv"(9)
  Close include file "include/tap_ctrl_if.vh"; continuing at "src/jtag.sv"(9)
  Open include file  "include/jtag_if.vh" from "src/jtag.sv"(10)
  Close include file "include/jtag_if.vh"; continuing at "src/jtag.sv"(10)
  Open include file  "include/output_logic_if.vh" from "src/jtag.sv"(11)
  Close include file "include/output_logic_if.vh"; continuing at "src/jtag.sv"(11)
Close file "src/jtag.sv"
Open SystemVerilog file "src/output_logic.sv"
  Open include file  "include/output_logic_if.vh" from "src/output_logic.sv"(9)
  Close include file "include/output_logic_if.vh"; continuing at "src/output_logic.sv"(9)
Close file "src/output_logic.sv"
Open SystemVerilog file "src/tap_ctrl.sv"
  Open include file  "include/tap_ctrl_if.vh" from "src/tap_ctrl.sv"(4)
  Close include file "include/tap_ctrl_if.vh"; continuing at "src/tap_ctrl.sv"(4)
Close file "src/tap_ctrl.sv"
Open SystemVerilog file "uvm_tb/tb_jtag.sv"
  Open include file  "src/jtag.sv" from "uvm_tb/tb_jtag.sv"(2)
    Open include file  "include/adder_if.vh" from "src/jtag.sv"(5)
    Close include file "include/adder_if.vh"; continuing at "src/jtag.sv"(5)
    Open include file  "include/bsr_if.vh" from "src/jtag.sv"(6)
      Open include file  "include/jtag_types_pkg.vh" from "include/bsr_if.vh"(4)
      Close include file "include/jtag_types_pkg.vh"; continuing at "include/bsr_if.vh"(4)
    Close include file "include/bsr_if.vh"; continuing at "src/jtag.sv"(6)
    Open include file  "include/instruction_decoder_if.vh" from "src/jtag.sv"(7)
    Close include file "include/instruction_decoder_if.vh"; continuing at "src/jtag.sv"(7)
    Open include file  "include/instruction_reg_if.vh" from "src/jtag.sv"(8)
    Close include file "include/instruction_reg_if.vh"; continuing at "src/jtag.sv"(8)
    Open include file  "include/tap_ctrl_if.vh" from "src/jtag.sv"(9)
    Close include file "include/tap_ctrl_if.vh"; continuing at "src/jtag.sv"(9)
    Open include file  "include/jtag_if.vh" from "src/jtag.sv"(10)
    Close include file "include/jtag_if.vh"; continuing at "src/jtag.sv"(10)
    Open include file  "include/output_logic_if.vh" from "src/jtag.sv"(11)
    Close include file "include/output_logic_if.vh"; continuing at "src/jtag.sv"(11)
  Close include file "src/jtag.sv"; continuing at "uvm_tb/tb_jtag.sv"(2)
  Open include file  "include/jtag_if.vh" from "uvm_tb/tb_jtag.sv"(3)
  Close include file "include/jtag_if.vh"; continuing at "uvm_tb/tb_jtag.sv"(3)
  Open include file  "uvm_tb/test.svh" from "uvm_tb/tb_jtag.sv"(4)
    Open include file  "/package/eda/mg/questa10.6b/questasim/uvm-1.2/../verilog_src/uvm-1.2/src/uvm_macros.svh" from "uvm_tb/test.svh"(2)
      Open include file  "/package/eda/mg/questa10.6b/questasim/uvm-1.2/../verilog_src/uvm-1.2/src/macros/uvm_version_defines.svh" from "/package/eda/mg/questa10.6b/questasim/uvm-1.2/../verilog_src/uvm-1.2/src/uvm_macros.svh"(69)
      Close include file "/package/eda/mg/questa10.6b/questasim/uvm-1.2/../verilog_src/uvm-1.2/src/macros/uvm_version_defines.svh"; continuing at "/package/eda/mg/questa10.6b/questasim/uvm-1.2/../verilog_src/uvm-1.2/src/uvm_macros.svh"(69)
      Open include file  "/package/eda/mg/questa10.6b/questasim/uvm-1.2/../verilog_src/uvm-1.2/src/macros/uvm_global_defines.svh" from "/package/eda/mg/questa10.6b/questasim/uvm-1.2/../verilog_src/uvm-1.2/src/uvm_macros.svh"(70)
      Close include file "/package/eda/mg/questa10.6b/questasim/uvm-1.2/../verilog_src/uvm-1.2/src/macros/uvm_global_defines.svh"; continuing at "/package/eda/mg/questa10.6b/questasim/uvm-1.2/../verilog_src/uvm-1.2/src/uvm_macros.svh"(70)
      Open include file  "/package/eda/mg/questa10.6b/questasim/uvm-1.2/../verilog_src/uvm-1.2/src/macros/uvm_message_defines.svh" from "/package/eda/mg/questa10.6b/questasim/uvm-1.2/../verilog_src/uvm-1.2/src/uvm_macros.svh"(71)
      Close include file "/package/eda/mg/questa10.6b/questasim/uvm-1.2/../verilog_src/uvm-1.2/src/macros/uvm_message_defines.svh"; continuing at "/package/eda/mg/questa10.6b/questasim/uvm-1.2/../verilog_src/uvm-1.2/src/uvm_macros.svh"(71)
      Open include file  "/package/eda/mg/questa10.6b/questasim/uvm-1.2/../verilog_src/uvm-1.2/src/macros/uvm_phase_defines.svh" from "/package/eda/mg/questa10.6b/questasim/uvm-1.2/../verilog_src/uvm-1.2/src/uvm_macros.svh"(72)
      Close include file "/package/eda/mg/questa10.6b/questasim/uvm-1.2/../verilog_src/uvm-1.2/src/macros/uvm_phase_defines.svh"; continuing at "/package/eda/mg/questa10.6b/questasim/uvm-1.2/../verilog_src/uvm-1.2/src/uvm_macros.svh"(72)
      Open include file  "/package/eda/mg/questa10.6b/questasim/uvm-1.2/../verilog_src/uvm-1.2/src/macros/uvm_object_defines.svh" from "/package/eda/mg/questa10.6b/questasim/uvm-1.2/../verilog_src/uvm-1.2/src/uvm_macros.svh"(73)
      Close include file "/package/eda/mg/questa10.6b/questasim/uvm-1.2/../verilog_src/uvm-1.2/src/macros/uvm_object_defines.svh"; continuing at "/package/eda/mg/questa10.6b/questasim/uvm-1.2/../verilog_src/uvm-1.2/src/uvm_macros.svh"(73)
      Open include file  "/package/eda/mg/questa10.6b/questasim/uvm-1.2/../verilog_src/uvm-1.2/src/macros/uvm_printer_defines.svh" from "/package/eda/mg/questa10.6b/questasim/uvm-1.2/../verilog_src/uvm-1.2/src/uvm_macros.svh"(74)
      Close include file "/package/eda/mg/questa10.6b/questasim/uvm-1.2/../verilog_src/uvm-1.2/src/macros/uvm_printer_defines.svh"; continuing at "/package/eda/mg/questa10.6b/questasim/uvm-1.2/../verilog_src/uvm-1.2/src/uvm_macros.svh"(74)
      Open include file  "/package/eda/mg/questa10.6b/questasim/uvm-1.2/../verilog_src/uvm-1.2/src/macros/uvm_tlm_defines.svh" from "/package/eda/mg/questa10.6b/questasim/uvm-1.2/../verilog_src/uvm-1.2/src/uvm_macros.svh"(75)
        Open include file  "/package/eda/mg/questa10.6b/questasim/uvm-1.2/../verilog_src/uvm-1.2/src/tlm1/uvm_tlm_imps.svh" from "/package/eda/mg/questa10.6b/questasim/uvm-1.2/../verilog_src/uvm-1.2/src/macros/uvm_tlm_defines.svh"(616)
        Close include file "/package/eda/mg/questa10.6b/questasim/uvm-1.2/../verilog_src/uvm-1.2/src/tlm1/uvm_tlm_imps.svh"; continuing at "/package/eda/mg/questa10.6b/questasim/uvm-1.2/../verilog_src/uvm-1.2/src/macros/uvm_tlm_defines.svh"(616)
      Close include file "/package/eda/mg/questa10.6b/questasim/uvm-1.2/../verilog_src/uvm-1.2/src/macros/uvm_tlm_defines.svh"; continuing at "/package/eda/mg/questa10.6b/questasim/uvm-1.2/../verilog_src/uvm-1.2/src/uvm_macros.svh"(75)
      Open include file  "/package/eda/mg/questa10.6b/questasim/uvm-1.2/../verilog_src/uvm-1.2/src/macros/uvm_sequence_defines.svh" from "/package/eda/mg/questa10.6b/questasim/uvm-1.2/../verilog_src/uvm-1.2/src/uvm_macros.svh"(76)
      Close include file "/package/eda/mg/questa10.6b/questasim/uvm-1.2/../verilog_src/uvm-1.2/src/macros/uvm_sequence_defines.svh"; continuing at "/package/eda/mg/questa10.6b/questasim/uvm-1.2/../verilog_src/uvm-1.2/src/uvm_macros.svh"(76)
      Open include file  "/package/eda/mg/questa10.6b/questasim/uvm-1.2/../verilog_src/uvm-1.2/src/macros/uvm_callback_defines.svh" from "/package/eda/mg/questa10.6b/questasim/uvm-1.2/../verilog_src/uvm-1.2/src/uvm_macros.svh"(77)
      Close include file "/package/eda/mg/questa10.6b/questasim/uvm-1.2/../verilog_src/uvm-1.2/src/macros/uvm_callback_defines.svh"; continuing at "/package/eda/mg/questa10.6b/questasim/uvm-1.2/../verilog_src/uvm-1.2/src/uvm_macros.svh"(77)
      Open include file  "/package/eda/mg/questa10.6b/questasim/uvm-1.2/../verilog_src/uvm-1.2/src/macros/uvm_reg_defines.svh" from "/package/eda/mg/questa10.6b/questasim/uvm-1.2/../verilog_src/uvm-1.2/src/uvm_macros.svh"(78)
      Close include file "/package/eda/mg/questa10.6b/questasim/uvm-1.2/../verilog_src/uvm-1.2/src/macros/uvm_reg_defines.svh"; continuing at "/package/eda/mg/questa10.6b/questasim/uvm-1.2/../verilog_src/uvm-1.2/src/uvm_macros.svh"(78)
      Open include file  "/package/eda/mg/questa10.6b/questasim/uvm-1.2/../verilog_src/uvm-1.2/src/macros/uvm_deprecated_defines.svh" from "/package/eda/mg/questa10.6b/questasim/uvm-1.2/../verilog_src/uvm-1.2/src/uvm_macros.svh"(79)
      Close include file "/package/eda/mg/questa10.6b/questasim/uvm-1.2/../verilog_src/uvm-1.2/src/macros/uvm_deprecated_defines.svh"; continuing at "/package/eda/mg/questa10.6b/questasim/uvm-1.2/../verilog_src/uvm-1.2/src/uvm_macros.svh"(79)
    Close include file "/package/eda/mg/questa10.6b/questasim/uvm-1.2/../verilog_src/uvm-1.2/src/uvm_macros.svh"; continuing at "uvm_tb/test.svh"(2)
    Open include file  "uvm_tb/environment.svh" from "uvm_tb/test.svh"(3)
      Open include file  "/package/eda/mg/questa10.6b/questasim/uvm-1.2/../verilog_src/uvm-1.2/src/uvm_macros.svh" from "uvm_tb/environment.svh"(2)
      Close include file "/package/eda/mg/questa10.6b/questasim/uvm-1.2/../verilog_src/uvm-1.2/src/uvm_macros.svh"; continuing at "uvm_tb/environment.svh"(2)
      Open include file  "uvm_tb/agent.svh" from "uvm_tb/environment.svh"(3)
        Open include file  "/package/eda/mg/questa10.6b/questasim/uvm-1.2/../verilog_src/uvm-1.2/src/uvm_macros.svh" from "uvm_tb/agent.svh"(2)
        Close include file "/package/eda/mg/questa10.6b/questasim/uvm-1.2/../verilog_src/uvm-1.2/src/uvm_macros.svh"; continuing at "uvm_tb/agent.svh"(2)
        Open include file  "uvm_tb/sequence.svh" from "uvm_tb/agent.svh"(3)
          Open include file  "/package/eda/mg/questa10.6b/questasim/uvm-1.2/../verilog_src/uvm-1.2/src/uvm_macros.svh" from "uvm_tb/sequence.svh"(2)
          Close include file "/package/eda/mg/questa10.6b/questasim/uvm-1.2/../verilog_src/uvm-1.2/src/uvm_macros.svh"; continuing at "uvm_tb/sequence.svh"(2)
          Open include file  "uvm_tb/transaction.svh" from "uvm_tb/sequence.svh"(3)
            Open include file  "/package/eda/mg/questa10.6b/questasim/uvm-1.2/../verilog_src/uvm-1.2/src/uvm_macros.svh" from "uvm_tb/transaction.svh"(5)
            Close include file "/package/eda/mg/questa10.6b/questasim/uvm-1.2/../verilog_src/uvm-1.2/src/uvm_macros.svh"; continuing at "uvm_tb/transaction.svh"(5)
          Close include file "uvm_tb/transaction.svh"; continuing at "uvm_tb/sequence.svh"(3)
        Close include file "uvm_tb/sequence.svh"; continuing at "uvm_tb/agent.svh"(3)
        Open include file  "uvm_tb/driver.svh" from "uvm_tb/agent.svh"(4)
          Open include file  "/package/eda/mg/questa10.6b/questasim/uvm-1.2/../verilog_src/uvm-1.2/src/uvm_macros.svh" from "uvm_tb/driver.svh"(2)
          Close include file "/package/eda/mg/questa10.6b/questasim/uvm-1.2/../verilog_src/uvm-1.2/src/uvm_macros.svh"; continuing at "uvm_tb/driver.svh"(2)
          Open include file  "include/jtag_if.vh" from "uvm_tb/driver.svh"(3)
          Close include file "include/jtag_if.vh"; continuing at "uvm_tb/driver.svh"(3)
        Close include file "uvm_tb/driver.svh"; continuing at "uvm_tb/agent.svh"(4)
        Open include file  "uvm_tb/monitor.svh" from "uvm_tb/agent.svh"(5)
          Open include file  "/package/eda/mg/questa10.6b/questasim/uvm-1.2/../verilog_src/uvm-1.2/src/uvm_macros.svh" from "uvm_tb/monitor.svh"(2)
          Close include file "/package/eda/mg/questa10.6b/questasim/uvm-1.2/../verilog_src/uvm-1.2/src/uvm_macros.svh"; continuing at "uvm_tb/monitor.svh"(2)
          Open include file  "include/jtag_if.vh" from "uvm_tb/monitor.svh"(3)
          Close include file "include/jtag_if.vh"; continuing at "uvm_tb/monitor.svh"(3)
        Close include file "uvm_tb/monitor.svh"; continuing at "uvm_tb/agent.svh"(5)
      Close include file "uvm_tb/agent.svh"; continuing at "uvm_tb/environment.svh"(3)
      Open include file  "include/jtag_if.vh" from "uvm_tb/environment.svh"(4)
      Close include file "include/jtag_if.vh"; continuing at "uvm_tb/environment.svh"(4)
      Open include file  "uvm_tb/comparator.svh" from "uvm_tb/environment.svh"(5)
        Open include file  "/package/eda/mg/questa10.6b/questasim/uvm-1.2/../verilog_src/uvm-1.2/src/uvm_macros.svh" from "uvm_tb/comparator.svh"(2)
        Close include file "/package/eda/mg/questa10.6b/questasim/uvm-1.2/../verilog_src/uvm-1.2/src/uvm_macros.svh"; continuing at "uvm_tb/comparator.svh"(2)
      Close include file "uvm_tb/comparator.svh"; continuing at "uvm_tb/environment.svh"(5)
      Open include file  "uvm_tb/predictor.svh" from "uvm_tb/environment.svh"(6)
        Open include file  "/package/eda/mg/questa10.6b/questasim/uvm-1.2/../verilog_src/uvm-1.2/src/uvm_macros.svh" from "uvm_tb/predictor.svh"(2)
        Close include file "/package/eda/mg/questa10.6b/questasim/uvm-1.2/../verilog_src/uvm-1.2/src/uvm_macros.svh"; continuing at "uvm_tb/predictor.svh"(2)
        Open include file  "uvm_tb/transaction.svh" from "uvm_tb/predictor.svh"(3)
        Close include file "uvm_tb/transaction.svh"; continuing at "uvm_tb/predictor.svh"(3)
      Close include file "uvm_tb/predictor.svh"; continuing at "uvm_tb/environment.svh"(6)
      Open include file  "uvm_tb/transaction.svh" from "uvm_tb/environment.svh"(7)
      Close include file "uvm_tb/transaction.svh"; continuing at "uvm_tb/environment.svh"(7)
    Close include file "uvm_tb/environment.svh"; continuing at "uvm_tb/test.svh"(3)
  Close include file "uvm_tb/test.svh"; continuing at "uvm_tb/tb_jtag.sv"(4)
Close file "uvm_tb/tb_jtag.sv"
