QuestaSim-64 vlog 10.6b Compiler 2017.05 May 25 2017
Start time: 21:36:51 on Feb 10,2024
vlog "+incdir+src+uvm_tb+include" "+sv" src/fifo.sv "+sv" tb/fifo_tb.sv -logfile normal_tb_compile.log -printinfilenames=normal_file_search.log 
-- Compiling package jtag_types_pkg
-- Compiling interface fifo_if
-- Importing package jtag_types_pkg
-- Compiling module fifo
** Warning: ** while parsing file included at tb/fifo_tb.sv(4)
** while parsing file included at include/fifo_if.vh(4)
** at include/jtag_types_pkg.vh(10): (vlog-2275) 'jtag_types_pkg' already exists and will be overwritten.
-- Compiling package jtag_types_pkg
** Warning: ** while parsing file included at tb/fifo_tb.sv(4)
** at include/fifo_if.vh(7): (vlog-2275) 'fifo_if' already exists and will be overwritten.
-- Compiling interface fifo_if
-- Compiling module fifo_tb
-- Compiling program test

Top level modules:
	fifo_tb
End time: 21:36:51 on Feb 10,2024, Elapsed time: 0:00:00
Errors: 0, Warnings: 2
